<?xml version="1.0" encoding="UTF-8"?>
<!-- Generated by org.testng.reporters.JUnitReportReporter -->
<testsuite hostname="DESKTOP-NGLOQMO" name="selenium2.NewTest" tests="1" failures="0" timestamp="18 Mar 2019 07:31:45 GMT" time="14.302" errors="0">
  <testcase name="f" time="14.302" classname="selenium2.NewTest"/>
</testsuite> <!-- selenium2.NewTest -->
